<?xml version="1.0" encoding="UTF-8"?>
<!-- Generated by org.testng.reporters.JUnitReportReporter -->
<testsuite hostname="HP840G5" failures="0" tests="1" name="testCases.RegistrationTestCase" time="21.471" errors="0" timestamp="2024-02-27T22:08:43 IST" skipped="0">
  <testcase classname="testCases.RegistrationTestCase" name="register" time="21.471"/>
</testsuite> <!-- testCases.RegistrationTestCase -->
