<?xml version="1.0" encoding="UTF-8"?>
<!-- Generated by org.testng.reporters.JUnitReportReporter -->
<testsuite hostname="HP840G5" failures="0" tests="1" name="testCases.LoginTestCase" time="11.985" errors="0" timestamp="2024-02-27T22:02:12 IST" skipped="0">
  <testcase classname="testCases.LoginTestCase" name="register" time="11.985"/>
</testsuite> <!-- testCases.LoginTestCase -->
