<?xml version="1.0" encoding="UTF-8"?>
<!-- Generated by org.testng.reporters.JUnitReportReporter -->
<testsuite hostname="HP840G5" failures="0" tests="2" name="testBase.BaseClass" time="1.258" errors="0" timestamp="2024-02-23T22:38:16 IST" skipped="0">
  <testcase classname="testBase.BaseClass" name="OpenBrowser" time="0.764"/>
  <testcase classname="testBase.BaseClass" name="launchApp" time="0.494"/>
</testsuite> <!-- testBase.BaseClass -->
